[2026-06-15 16:54:05] Starting repository check-in process...
[2026-06-15 16:54:05] Checking Git Status...
[2026-06-15 16:54:05] Found local changes/untracked files:
[2026-06-15 16:54:05] ?? repo_checkin.log ?? repo_checkin.ps1
[2026-06-15 16:54:05] Running backend tests...
[2026-06-15 16:54:05] Test Output:
[2026-06-15 16:54:05] 'chcp' is not recognized as an internal or external command,
operable program or batch file.
'chcp' is not recognized as an internal or external command,
operable program or batch file.
ERROR conda.cli.main_run:execute(142): `conda run pytest tests` failed. (See above for error)
[2026-06-15 16:54:05] WARNING: Backend tests failed!
[2026-06-15 16:54:05] Rebuilding frontend...
[2026-06-15 16:54:07] Build Output:
[2026-06-15 16:54:07] 
> triverse-ml-dashboard@2.0.0 build
> vite build && esbuild server.ts --bundle --platform=node --format=cjs --packages=external --sourcemap --outfile=dist/server.cjs

'vite' is not recognized as an internal or external command,
operable program or batch file.
[2026-06-15 16:54:07] WARNING: Frontend build failed!
[2026-06-15 16:54:07] Checking for changes to commit...
[2026-06-15 16:54:07] Staging files...
[2026-06-15 16:54:07] Committing changes with message: 'Auto-commit: Repository periodic check-in 2026-06-15 16:54:05'
[2026-06-15 16:54:07] Pushing changes to origin main...
[2026-06-15 16:54:09] SUCCESS: Pushed changes to origin main.
[2026-06-15 16:54:09] Repository check-in process finished.
[2026-06-15 16:54:17] Starting repository check-in process...
[2026-06-15 16:54:17] Checking Git Status...
[2026-06-15 16:54:18] Found local changes/untracked files:
[2026-06-15 16:54:18]  M repo_checkin.log  M repo_checkin.ps1
[2026-06-15 16:54:18] Running backend tests...
[2026-06-15 16:54:18] Test Output:
[2026-06-15 16:54:18] 'chcp' is not recognized as an internal or external command,
operable program or batch file.
'chcp' is not recognized as an internal or external command,
operable program or batch file.
ERROR conda.cli.main_run:execute(142): `conda run pytest tests` failed. (See above for error)
[2026-06-15 16:54:18] WARNING: Backend tests failed!
[2026-06-15 16:54:18] Rebuilding frontend...
[2026-06-15 16:54:19] Build Output:
[2026-06-15 16:54:19] 
> triverse-ml-dashboard@2.0.0 build
> vite build && esbuild server.ts --bundle --platform=node --format=cjs --packages=external --sourcemap --outfile=dist/server.cjs

'vite' is not recognized as an internal or external command,
operable program or batch file.
[2026-06-15 16:54:19] WARNING: Frontend build failed!
[2026-06-15 16:54:19] Checking for changes to commit...
[2026-06-15 16:54:19] Staging files...
[2026-06-15 16:54:20] Committing changes with message: 'Auto-commit: Repository periodic check-in 2026-06-15 16:54:17'
[2026-06-15 16:54:20] Pushing changes to origin main...
[2026-06-15 16:54:23] SUCCESS: Pushed changes to origin main.
[2026-06-15 16:54:23] Repository check-in process finished.
[2026-06-16 18:00:34] Starting repository check-in process...
[2026-06-16 18:00:34] Checking Git Status...
[2026-06-16 18:00:34] Found local changes/untracked files:
[2026-06-16 18:00:34]  M repo_checkin.log
[2026-06-16 18:00:34] Running backend tests...
[2026-06-16 18:00:35] Test Output:
[2026-06-16 18:00:35] 'chcp' is not recognized as an internal or external command,
operable program or batch file.
'chcp' is not recognized as an internal or external command,
operable program or batch file.
ERROR conda.cli.main_run:execute(142): `conda run pytest tests` failed. (See above for error)
[2026-06-16 18:00:35] WARNING: Backend tests failed!
[2026-06-16 18:00:35] Rebuilding frontend...
[2026-06-16 18:00:36] Build Output:
[2026-06-16 18:00:36] 
> triverse-ml-dashboard@2.0.0 build
> vite build && esbuild server.ts --bundle --platform=node --format=cjs --packages=external --sourcemap --outfile=dist/server.cjs

'vite' is not recognized as an internal or external command,
operable program or batch file.
[2026-06-16 18:00:36] WARNING: Frontend build failed!
[2026-06-16 18:00:36] Checking for changes to commit...
[2026-06-16 18:00:36] Staging files...
[2026-06-16 18:00:36] Committing changes with message: 'Auto-commit: Repository periodic check-in 2026-06-16 18:00:34'
[2026-06-16 18:00:37] Pushing changes to origin main...
[2026-06-16 18:00:40] SUCCESS: Pushed changes to origin main.
[2026-06-16 18:00:40] Repository check-in process finished.
